::1 - - [05/Oct/2018:05:37:59 +0000] "GET /my/data HTTP/1.1" 404 47 "-" "PostmanRuntime/7.3.0"
::1 - - [05/Oct/2018:05:38:51 +0000] "GET /my/tickets HTTP/1.1" 404 47 "-" "PostmanRuntime/7.3.0"
::1 - - [05/Oct/2018:05:49:32 +0000] "GET /hello/hi HTTP/1.1" 404 47 "-" "PostmanRuntime/7.3.0"
::1 - - [05/Oct/2018:10:03:42 +0000] "GET /hello/hi HTTP/1.1" 404 47 "-" "PostmanRuntime/7.3.0"
::1 - - [05/Oct/2018:10:15:13 +0000] "GET /add/url HTTP/1.1" 404 146 "-" "PostmanRuntime/7.3.0"
::1 - - [05/Oct/2018:10:15:42 +0000] "GET /add/url HTTP/1.1" 404 47 "-" "PostmanRuntime/7.3.0"
::1 - - [05/Oct/2018:10:18:44 +0000] "GET /add/url HTTP/1.1" 404 146 "-" "PostmanRuntime/7.3.0"
::1 - - [05/Oct/2018:10:31:25 +0000] "GET /add/url HTTP/1.1" 404 47 "-" "PostmanRuntime/7.3.0"
::1 - - [05/Oct/2018:10:39:12 +0000] "GET /urls HTTP/1.1" 200 304 "-" "PostmanRuntime/7.3.0"
::1 - - [05/Oct/2018:10:40:17 +0000] "GET /?vpcA6 HTTP/1.1" 304 - "-" "Mozilla/5.0 (Windows NT 10.0; Win64; x64) AppleWebKit/537.36 (KHTML, like Gecko) Chrome/69.0.3497.100 Safari/537.36"
::1 - - [05/Oct/2018:10:40:23 +0000] "GET /vpcA6 HTTP/1.1" 302 184 "-" "Mozilla/5.0 (Windows NT 10.0; Win64; x64) AppleWebKit/537.36 (KHTML, like Gecko) Chrome/69.0.3497.100 Safari/537.36"
::1 - - [05/Oct/2018:10:40:25 +0000] "GET /favicon.ico HTTP/1.1" - - "http://localhost:3000/?vpcA6" "Mozilla/5.0 (Windows NT 10.0; Win64; x64) AppleWebKit/537.36 (KHTML, like Gecko) Chrome/69.0.3497.100 Safari/537.36"
::1 - - [05/Oct/2018:10:40:47 +0000] "GET /favicon.ico HTTP/1.1" - - "http://localhost:3000/?vpcA6" "Mozilla/5.0 (Windows NT 10.0; Win64; x64) AppleWebKit/537.36 (KHTML, like Gecko) Chrome/69.0.3497.100 Safari/537.36"
::1 - - [05/Oct/2018:10:42:40 +0000] "GET /add HTTP/1.1" - - "-" "PostmanRuntime/7.3.0"
::1 - - [05/Oct/2018:10:42:47 +0000] "GET /add/url HTTP/1.1" 404 47 "-" "PostmanRuntime/7.3.0"
::1 - - [05/Oct/2018:10:45:52 +0000] "GET /vpcA6 HTTP/1.1" 302 92 "-" "PostmanRuntime/7.3.0"
::1 - - [05/Oct/2018:10:48:46 +0000] "GET /urls HTTP/1.1" 200 304 "-" "PostmanRuntime/7.3.0"
::1 - - [05/Oct/2018:10:51:44 +0000] "GET /vpcA6 HTTP/1.1" 302 92 "-" "PostmanRuntime/7.3.0"
::1 - - [05/Oct/2018:10:55:13 +0000] "GET /vpcA6 HTTP/1.1" 302 92 "-" "PostmanRuntime/7.3.0"
::1 - - [05/Oct/2018:10:58:53 +0000] "GET /vpcA6 HTTP/1.1" 302 92 "-" "PostmanRuntime/7.3.0"
::1 - - [05/Oct/2018:11:01:13 +0000] "GET / HTTP/1.1" 304 - "-" "Mozilla/5.0 (Windows NT 10.0; Win64; x64) AppleWebKit/537.36 (KHTML, like Gecko) Chrome/69.0.3497.100 Safari/537.36"
::1 - - [05/Oct/2018:11:01:34 +0000] "GET /favicon.ico HTTP/1.1" - - "http://localhost:3000/" "Mozilla/5.0 (Windows NT 10.0; Win64; x64) AppleWebKit/537.36 (KHTML, like Gecko) Chrome/69.0.3497.100 Safari/537.36"
::1 - - [05/Oct/2018:11:04:24 +0000] "GET /vpcA6 HTTP/1.1" 302 92 "-" "PostmanRuntime/7.3.0"
::1 - - [05/Oct/2018:11:05:51 +0000] "GET /vpcA6 HTTP/1.1" 302 92 "-" "PostmanRuntime/7.3.0"
::1 - - [05/Oct/2018:11:06:36 +0000] "GET /vpcA6 HTTP/1.1" 302 92 "-" "PostmanRuntime/7.3.0"
::1 - - [05/Oct/2018:11:07:21 +0000] "GET / HTTP/1.1" 304 - "-" "Mozilla/5.0 (Windows NT 10.0; Win64; x64) AppleWebKit/537.36 (KHTML, like Gecko) Chrome/69.0.3497.100 Safari/537.36"
::ffff:127.0.0.1 - - [05/Oct/2018:11:07:44 +0000] "GET / HTTP/1.1" 200 12 "-" "Mozilla/5.0 (Windows NT 10.0; Win64; x64) AppleWebKit/537.36 (KHTML, like Gecko) Chrome/69.0.3497.100 Safari/537.36"
::1 - - [05/Oct/2018:11:07:44 +0000] "GET /favicon.ico HTTP/1.1" - - "http://localhost:3000/" "Mozilla/5.0 (Windows NT 10.0; Win64; x64) AppleWebKit/537.36 (KHTML, like Gecko) Chrome/69.0.3497.100 Safari/537.36"
::1 - - [05/Oct/2018:11:08:16 +0000] "GET /vpcA6 HTTP/1.1" 302 92 "-" "PostmanRuntime/7.3.0"
::ffff:127.0.0.1 - - [05/Oct/2018:11:09:07 +0000] "GET /vpcA6 HTTP/1.1" 200 12 "-" "Mozilla/5.0 (Windows NT 10.0; Win64; x64) AppleWebKit/537.36 (KHTML, like Gecko) Chrome/69.0.3497.100 Safari/537.36"
::ffff:127.0.0.1 - - [05/Oct/2018:11:09:07 +0000] "GET /favicon.ico HTTP/1.1" 200 12 "http://localhost:3000/vpcA6" "Mozilla/5.0 (Windows NT 10.0; Win64; x64) AppleWebKit/537.36 (KHTML, like Gecko) Chrome/69.0.3497.100 Safari/537.36"
::1 - - [05/Oct/2018:11:09:31 +0000] "GET /vpcA6 HTTP/1.1" 302 184 "-" "Mozilla/5.0 (Windows NT 10.0; Win64; x64) AppleWebKit/537.36 (KHTML, like Gecko) Chrome/69.0.3497.100 Safari/537.36"
::1 - - [05/Oct/2018:11:12:17 +0000] "GET /tags?names=javascript,mern HTTP/1.1" - - "-" "PostmanRuntime/7.3.0"
::1 - - [05/Oct/2018:11:21:31 +0000] "GET /vpcA6 HTTP/1.1" 302 92 "-" "PostmanRuntime/7.3.0"
::1 - - [05/Oct/2018:11:31:57 +0000] "GET /my/url HTTP/1.1" 404 47 "-" "PostmanRuntime/7.3.0"
::1 - - [05/Oct/2018:11:44:17 +0000] "GET /vpcA6 HTTP/1.1" 302 184 "-" "Mozilla/5.0 (Windows NT 10.0; Win64; x64) AppleWebKit/537.36 (KHTML, like Gecko) Chrome/69.0.3497.100 Safari/537.36"
::1 - - [05/Oct/2018:11:44:54 +0000] "GET /tags?names=javascript,mern HTTP/1.1" - - "-" "PostmanRuntime/7.3.0"
::1 - - [05/Oct/2018:11:47:36 +0000] "GET / HTTP/1.1" 304 - "-" "Mozilla/5.0 (Windows NT 10.0; Win64; x64) AppleWebKit/537.36 (KHTML, like Gecko) Chrome/69.0.3497.100 Safari/537.36"
::ffff:127.0.0.1 - - [05/Oct/2018:11:47:47 +0000] "GET / HTTP/1.1" 200 1020 "-" "Mozilla/5.0 (Windows NT 10.0; Win64; x64) AppleWebKit/537.36 (KHTML, like Gecko) Chrome/69.0.3497.100 Safari/537.36"
::1 - - [05/Oct/2018:11:47:47 +0000] "GET /favicon.ico HTTP/1.1" - - "http://localhost:3000/" "Mozilla/5.0 (Windows NT 10.0; Win64; x64) AppleWebKit/537.36 (KHTML, like Gecko) Chrome/69.0.3497.100 Safari/537.36"
::1 - - [05/Oct/2018:11:49:17 +0000] "GET /vpcA6 HTTP/1.1" 302 92 "-" "PostmanRuntime/7.3.0"
::1 - - [05/Oct/2018:11:50:25 +0000] "GET /vpcA6 HTTP/1.1" 302 92 "-" "PostmanRuntime/7.3.0"
::1 - - [05/Oct/2018:11:53:37 +0000] "GET /vpcA6 HTTP/1.1" 302 92 "-" "PostmanRuntime/7.3.0"
::1 - - [05/Oct/2018:12:05:34 +0000] "POST /urls HTTP/1.1" 200 347 "-" "PostmanRuntime/7.3.0"
::1 - - [05/Oct/2018:12:05:48 +0000] "POST /vpcA6 HTTP/1.1" 404 47 "-" "PostmanRuntime/7.3.0"
::1 - - [05/Oct/2018:12:06:42 +0000] "GET /vpcA6 HTTP/1.1" 302 92 "-" "PostmanRuntime/7.3.0"
::1 - - [05/Oct/2018:12:07:18 +0000] "GET /vpcA6 HTTP/1.1" 302 92 "-" "PostmanRuntime/7.3.0"
::1 - - [05/Oct/2018:12:07:43 +0000] "GET /vpcA6 HTTP/1.1" 302 92 "-" "PostmanRuntime/7.3.0"
::1 - - [05/Oct/2018:12:08:36 +0000] "GET /urls/tags?names=javascript,mern HTTP/1.1" 200 301 "-" "PostmanRuntime/7.3.0"
::1 - - [05/Oct/2018:12:10:05 +0000] "GET /vpcA6 HTTP/1.1" 302 92 "-" "PostmanRuntime/7.3.0"
::1 - - [05/Oct/2018:12:10:54 +0000] "GET /vpcA6 HTTP/1.1" 302 92 "-" "PostmanRuntime/7.3.0"
::1 - - [05/Oct/2018:12:11:41 +0000] "GET /vpcA6 HTTP/1.1" 302 92 "-" "PostmanRuntime/7.3.0"
::1 - - [05/Oct/2018:12:12:10 +0000] "GET /vpcA6 HTTP/1.1" 302 92 "-" "PostmanRuntime/7.3.0"
::1 - - [05/Oct/2018:12:13:19 +0000] "GET /vpcA6 HTTP/1.1" 302 92 "-" "PostmanRuntime/7.3.0"
::1 - - [05/Oct/2018:12:14:11 +0000] "GET /vpcA6 HTTP/1.1" 302 92 "-" "PostmanRuntime/7.3.0"
::1 - - [05/Oct/2018:12:14:43 +0000] "GET /vpcA6 HTTP/1.1" 302 92 "-" "PostmanRuntime/7.3.0"
::1 - - [05/Oct/2018:12:15:30 +0000] "GET /vpcA6 HTTP/1.1" 302 92 "-" "PostmanRuntime/7.3.0"
::1 - - [05/Oct/2018:12:16:31 +0000] "GET /vpcA6 HTTP/1.1" 302 92 "-" "PostmanRuntime/7.3.0"
::1 - - [05/Oct/2018:12:18:06 +0000] "GET /vpcA6 HTTP/1.1" 302 92 "-" "PostmanRuntime/7.3.0"
::1 - - [05/Oct/2018:12:22:37 +0000] "GET / HTTP/1.1" 304 - "-" "Mozilla/5.0 (Windows NT 10.0; Win64; x64) AppleWebKit/537.36 (KHTML, like Gecko) Chrome/69.0.3497.100 Safari/537.36"
::1 - - [05/Oct/2018:12:22:46 +0000] "GET /favicon.ico HTTP/1.1" - - "http://localhost:3000/" "Mozilla/5.0 (Windows NT 10.0; Win64; x64) AppleWebKit/537.36 (KHTML, like Gecko) Chrome/69.0.3497.100 Safari/537.36"
::1 - - [05/Oct/2018:12:23:50 +0000] "GET /vpcA6 HTTP/1.1" 302 92 "-" "PostmanRuntime/7.3.0"
::1 - - [05/Oct/2018:12:24:19 +0000] "GET /vpcA6 HTTP/1.1" 302 92 "-" "PostmanRuntime/7.3.0"
::1 - - [05/Oct/2018:12:24:57 +0000] "GET /vpcA6 HTTP/1.1" 302 92 "-" "PostmanRuntime/7.3.0"
::1 - - [05/Oct/2018:12:28:32 +0000] "GET /?vpcA6 HTTP/1.1" 304 - "-" "Mozilla/5.0 (Windows NT 10.0; Win64; x64) AppleWebKit/537.36 (KHTML, like Gecko) Chrome/69.0.3497.100 Safari/537.36"
::1 - - [05/Oct/2018:12:28:39 +0000] "GET /vpcA6 HTTP/1.1" 302 184 "-" "Mozilla/5.0 (Windows NT 10.0; Win64; x64) AppleWebKit/537.36 (KHTML, like Gecko) Chrome/69.0.3497.100 Safari/537.36"
::1 - - [05/Oct/2018:12:28:40 +0000] "GET /favicon.ico HTTP/1.1" - - "http://localhost:3000/?vpcA6" "Mozilla/5.0 (Windows NT 10.0; Win64; x64) AppleWebKit/537.36 (KHTML, like Gecko) Chrome/69.0.3497.100 Safari/537.36"
::1 - - [05/Oct/2018:12:34:16 +0000] "GET /?vpcA6 HTTP/1.1" 304 - "-" "Mozilla/5.0 (Windows NT 10.0; Win64; x64) AppleWebKit/537.36 (KHTML, like Gecko) Chrome/69.0.3497.100 Safari/537.36"
::1 - - [05/Oct/2018:12:35:54 +0000] "GET /vpcA6 HTTP/1.1" 302 92 "-" "PostmanRuntime/7.3.0"
::1 - - [05/Oct/2018:12:36:40 +0000] "GET /vpcA6 HTTP/1.1" 200 299 "-" "PostmanRuntime/7.3.0"
::1 - - [05/Oct/2018:12:37:12 +0000] "GET /vpcA6 HTTP/1.1" 200 299 "-" "PostmanRuntime/7.3.0"
::1 - - [05/Oct/2018:12:38:24 +0000] "GET /vpcA6 HTTP/1.1" 200 299 "-" "PostmanRuntime/7.3.0"
::1 - - [05/Oct/2018:12:40:07 +0000] "GET /vpcA6 HTTP/1.1" 200 299 "-" "PostmanRuntime/7.3.0"
::1 - - [05/Oct/2018:12:40:42 +0000] "GET /vpcA6 HTTP/1.1" 302 92 "-" "PostmanRuntime/7.3.0"
::1 - - [05/Oct/2018:12:41:20 +0000] "GET /?vpcA6 HTTP/1.1" 304 - "-" "Mozilla/5.0 (Windows NT 10.0; Win64; x64) AppleWebKit/537.36 (KHTML, like Gecko) Chrome/69.0.3497.100 Safari/537.36"
::1 - - [05/Oct/2018:12:41:28 +0000] "GET /vpcA6 HTTP/1.1" 302 184 "-" "Mozilla/5.0 (Windows NT 10.0; Win64; x64) AppleWebKit/537.36 (KHTML, like Gecko) Chrome/69.0.3497.100 Safari/537.36"
::1 - - [05/Oct/2018:12:41:30 +0000] "GET /favicon.ico HTTP/1.1" - - "http://localhost:3000/?vpcA6" "Mozilla/5.0 (Windows NT 10.0; Win64; x64) AppleWebKit/537.36 (KHTML, like Gecko) Chrome/69.0.3497.100 Safari/537.36"
::1 - - [05/Oct/2018:12:42:57 +0000] "GET /vpcA6 HTTP/1.1" 302 92 "-" "PostmanRuntime/7.3.0"
::1 - - [08/Oct/2018:03:10:50 +0000] "GET /favicon.ico HTTP/1.1" - - "http://localhost:3000/?vpcA6" "Mozilla/5.0 (Windows NT 10.0; Win64; x64) AppleWebKit/537.36 (KHTML, like Gecko) Chrome/69.0.3497.100 Safari/537.36"
::1 - - [08/Oct/2018:03:17:32 +0000] "GET /?vpcA6 HTTP/1.1" 304 - "-" "Mozilla/5.0 (Windows NT 10.0; Win64; x64) AppleWebKit/537.36 (KHTML, like Gecko) Chrome/69.0.3497.100 Safari/537.36"
::1 - - [08/Oct/2018:03:18:13 +0000] "GET /?vpcA6 HTTP/1.1" 304 - "-" "Mozilla/5.0 (Windows NT 10.0; Win64; x64) AppleWebKit/537.36 (KHTML, like Gecko) Chrome/69.0.3497.100 Safari/537.36"
::1 - - [08/Oct/2018:03:18:36 +0000] "GET /favicon.ico HTTP/1.1" - - "http://localhost:3000/?vpcA6" "Mozilla/5.0 (Windows NT 10.0; Win64; x64) AppleWebKit/537.36 (KHTML, like Gecko) Chrome/69.0.3497.100 Safari/537.36"
::1 - - [08/Oct/2018:03:18:36 +0000] "GET /vpcA6 HTTP/1.1" - - "-" "Mozilla/5.0 (Windows NT 10.0; Win64; x64) AppleWebKit/537.36 (KHTML, like Gecko) Chrome/69.0.3497.100 Safari/537.36"
::1 - - [08/Oct/2018:03:20:07 +0000] "GET /vpcA6 HTTP/1.1" 500 2479 "-" "Mozilla/5.0 (Windows NT 10.0; Win64; x64) AppleWebKit/537.36 (KHTML, like Gecko) Chrome/69.0.3497.100 Safari/537.36"
::1 - - [08/Oct/2018:03:20:07 +0000] "GET /favicon.ico HTTP/1.1" 500 2479 "http://localhost:3000/vpcA6" "Mozilla/5.0 (Windows NT 10.0; Win64; x64) AppleWebKit/537.36 (KHTML, like Gecko) Chrome/69.0.3497.100 Safari/537.36"
::1 - - [08/Oct/2018:03:20:25 +0000] "GET /vpcA6 HTTP/1.1" 302 184 "-" "Mozilla/5.0 (Windows NT 10.0; Win64; x64) AppleWebKit/537.36 (KHTML, like Gecko) Chrome/69.0.3497.100 Safari/537.36"
::1 - - [08/Oct/2018:03:29:54 +0000] "GET /vpcA6 HTTP/1.1" - - "-" "PostmanRuntime/7.3.0"
::1 - - [08/Oct/2018:03:30:03 +0000] "GET /vpcA6 HTTP/1.1" 302 92 "-" "PostmanRuntime/7.3.0"
::1 - - [08/Oct/2018:03:31:10 +0000] "GET /vpcA6 HTTP/1.1" 302 92 "-" "PostmanRuntime/7.3.0"
::1 - - [08/Oct/2018:03:31:51 +0000] "GET /my/url HTTP/1.1" 404 47 "-" "PostmanRuntime/7.3.0"
::1 - - [08/Oct/2018:10:12:38 +0000] "GET /vpcA6 HTTP/1.1" - - "-" "PostmanRuntime/7.3.0"
::1 - - [08/Oct/2018:10:12:49 +0000] "GET /vpcA6 HTTP/1.1" 302 92 "-" "PostmanRuntime/7.3.0"
::1 - - [08/Oct/2018:10:14:30 +0000] "GET /vpcA6 HTTP/1.1" 302 92 "-" "PostmanRuntime/7.3.0"
::1 - - [08/Oct/2018:10:15:52 +0000] "GET /vpcA6 HTTP/1.1" 302 92 "-" "PostmanRuntime/7.3.0"
::1 - - [08/Oct/2018:10:16:44 +0000] "GET /vpcA6 HTTP/1.1" 302 92 "-" "PostmanRuntime/7.3.0"
::1 - - [08/Oct/2018:10:19:56 +0000] "GET /vpcA6 HTTP/1.1" 302 92 "-" "PostmanRuntime/7.3.0"
::1 - - [08/Oct/2018:10:20:19 +0000] "GET /vpcA6 HTTP/1.1" 302 92 "-" "PostmanRuntime/7.3.0"
::1 - - [08/Oct/2018:10:20:49 +0000] "GET /vpcA6 HTTP/1.1" 302 184 "-" "Mozilla/5.0 (Windows NT 10.0; Win64; x64) AppleWebKit/537.36 (KHTML, like Gecko) Chrome/69.0.3497.100 Safari/537.36"
::1 - - [08/Oct/2018:10:21:19 +0000] "GET /vpcA6 HTTP/1.1" 302 184 "-" "Mozilla/5.0 (Windows NT 10.0; Win64; x64) AppleWebKit/537.36 (KHTML, like Gecko) Chrome/69.0.3497.100 Safari/537.36"
::1 - - [08/Oct/2018:10:22:43 +0000] "GET /?vpcA6 HTTP/1.1" 404 47 "-" "Mozilla/5.0 (Windows NT 10.0; Win64; x64) AppleWebKit/537.36 (KHTML, like Gecko) Chrome/69.0.3497.100 Safari/537.36"
::1 - - [08/Oct/2018:10:22:51 +0000] "GET /vpcA6 HTTP/1.1" 302 184 "-" "Mozilla/5.0 (Windows NT 10.0; Win64; x64) AppleWebKit/537.36 (KHTML, like Gecko) Chrome/69.0.3497.100 Safari/537.36"
::1 - - [08/Oct/2018:10:22:52 +0000] "GET /favicon.ico HTTP/1.1" - - "http://localhost:3000/?vpcA6" "Mozilla/5.0 (Windows NT 10.0; Win64; x64) AppleWebKit/537.36 (KHTML, like Gecko) Chrome/69.0.3497.100 Safari/537.36"
::1 - - [08/Oct/2018:10:24:12 +0000] "GET /vpcA6 HTTP/1.1" 302 184 "-" "Mozilla/5.0 (Windows NT 10.0; Win64; x64) AppleWebKit/537.36 (KHTML, like Gecko) Chrome/69.0.3497.100 Safari/537.36"
::1 - - [08/Oct/2018:10:25:04 +0000] "GET /vpcA6 HTTP/1.1" 302 92 "-" "PostmanRuntime/7.3.0"
::1 - - [08/Oct/2018:10:29:51 +0000] "GET /vpcA6 HTTP/1.1" 302 184 "-" "Mozilla/5.0 (Windows NT 10.0; Win64; x64) AppleWebKit/537.36 (KHTML, like Gecko) Chrome/69.0.3497.100 Safari/537.36"
::1 - - [08/Oct/2018:10:32:09 +0000] "GET / HTTP/1.1" 404 47 "-" "Mozilla/5.0 (Windows NT 10.0; Win64; x64) AppleWebKit/537.36 (KHTML, like Gecko) Chrome/69.0.3497.100 Safari/537.36"
::1 - - [08/Oct/2018:10:32:19 +0000] "GET /vpcA6 HTTP/1.1" 302 184 "-" "Mozilla/5.0 (Windows NT 10.0; Win64; x64) AppleWebKit/537.36 (KHTML, like Gecko) Chrome/69.0.3497.100 Safari/537.36"
::1 - - [08/Oct/2018:10:32:21 +0000] "GET /favicon.ico HTTP/1.1" - - "http://localhost:3000/" "Mozilla/5.0 (Windows NT 10.0; Win64; x64) AppleWebKit/537.36 (KHTML, like Gecko) Chrome/69.0.3497.100 Safari/537.36"
::1 - - [08/Oct/2018:10:33:28 +0000] "GET /vpcA6 HTTP/1.1" 302 184 "-" "Mozilla/5.0 (Windows NT 10.0; Win64; x64) AppleWebKit/537.36 (KHTML, like Gecko) Chrome/69.0.3497.100 Safari/537.36"
::1 - - [08/Oct/2018:10:33:29 +0000] "GET /favicon.ico HTTP/1.1" - - "http://localhost:3000/" "Mozilla/5.0 (Windows NT 10.0; Win64; x64) AppleWebKit/537.36 (KHTML, like Gecko) Chrome/69.0.3497.100 Safari/537.36"
::1 - - [08/Oct/2018:10:33:59 +0000] "GET /vpcA6 HTTP/1.1" 302 184 "-" "Mozilla/5.0 (Windows NT 10.0; Win64; x64) AppleWebKit/537.36 (KHTML, like Gecko) Chrome/69.0.3497.100 Safari/537.36"
::1 - - [08/Oct/2018:10:34:01 +0000] "GET /favicon.ico HTTP/1.1" - - "http://localhost:3000/" "Mozilla/5.0 (Windows NT 10.0; Win64; x64) AppleWebKit/537.36 (KHTML, like Gecko) Chrome/69.0.3497.100 Safari/537.36"
::1 - - [08/Oct/2018:10:34:37 +0000] "GET /vpcA6 HTTP/1.1" 302 184 "-" "Mozilla/5.0 (Windows NT 10.0; Win64; x64) AppleWebKit/537.36 (KHTML, like Gecko) Chrome/69.0.3497.100 Safari/537.36"
::1 - - [08/Oct/2018:10:34:42 +0000] "GET /favicon.ico HTTP/1.1" - - "http://localhost:3000/" "Mozilla/5.0 (Windows NT 10.0; Win64; x64) AppleWebKit/537.36 (KHTML, like Gecko) Chrome/69.0.3497.100 Safari/537.36"
::1 - - [08/Oct/2018:10:35:19 +0000] "GET /vpcA6 HTTP/1.1" 302 184 "-" "Mozilla/5.0 (Windows NT 10.0; Win64; x64) AppleWebKit/537.36 (KHTML, like Gecko) Chrome/69.0.3497.100 Safari/537.36"
::1 - - [08/Oct/2018:10:35:20 +0000] "GET /favicon.ico HTTP/1.1" - - "http://localhost:3000/" "Mozilla/5.0 (Windows NT 10.0; Win64; x64) AppleWebKit/537.36 (KHTML, like Gecko) Chrome/69.0.3497.100 Safari/537.36"
::1 - - [08/Oct/2018:10:37:02 +0000] "GET /vpcA6 HTTP/1.1" 302 184 "-" "Mozilla/5.0 (Windows NT 10.0; Win64; x64) AppleWebKit/537.36 (KHTML, like Gecko) Chrome/69.0.3497.100 Safari/537.36"
::1 - - [08/Oct/2018:10:37:03 +0000] "GET /favicon.ico HTTP/1.1" - - "http://localhost:3000/" "Mozilla/5.0 (Windows NT 10.0; Win64; x64) AppleWebKit/537.36 (KHTML, like Gecko) Chrome/69.0.3497.100 Safari/537.36"
::1 - - [08/Oct/2018:10:37:33 +0000] "GET /?vpcA6 HTTP/1.1" 404 47 "-" "Mozilla/5.0 (Windows NT 10.0; Win64; x64) AppleWebKit/537.36 (KHTML, like Gecko) Chrome/69.0.3497.100 Safari/537.36"
::1 - - [08/Oct/2018:10:37:33 +0000] "GET /favicon.ico HTTP/1.1" - - "http://localhost:3000/" "Mozilla/5.0 (Windows NT 10.0; Win64; x64) AppleWebKit/537.36 (KHTML, like Gecko) Chrome/69.0.3497.100 Safari/537.36"
::ffff:127.0.0.1 - - [08/Oct/2018:10:38:54 +0000] "GET / HTTP/1.1" - - "-" "Mozilla/5.0 (Windows NT 10.0; Win64; x64) AppleWebKit/537.36 (KHTML, like Gecko) Chrome/69.0.3497.100 Safari/537.36"
::1 - - [08/Oct/2018:10:39:18 +0000] "GET / HTTP/1.1" 404 47 "-" "Mozilla/5.0 (Windows NT 10.0; Win64; x64) AppleWebKit/537.36 (KHTML, like Gecko) Chrome/69.0.3497.100 Safari/537.36"
::ffff:127.0.0.1 - - [08/Oct/2018:10:39:22 +0000] "GET /vpcA6 HTTP/1.1" 302 184 "-" "Mozilla/5.0 (Windows NT 10.0; Win64; x64) AppleWebKit/537.36 (KHTML, like Gecko) Chrome/69.0.3497.100 Safari/537.36"
::1 - - [08/Oct/2018:10:39:24 +0000] "GET /favicon.ico HTTP/1.1" - - "http://localhost:3000/" "Mozilla/5.0 (Windows NT 10.0; Win64; x64) AppleWebKit/537.36 (KHTML, like Gecko) Chrome/69.0.3497.100 Safari/537.36"
::1 - - [08/Oct/2018:10:43:45 +0000] "GET /vpcA6 HTTP/1.1" - - "-" "PostmanRuntime/7.3.0"
::1 - - [08/Oct/2018:10:43:45 +0000] "GET /vpcA6 HTTP/1.1" - - "-" "PostmanRuntime/7.3.0"
::ffff:127.0.0.1 - - [08/Oct/2018:10:43:47 +0000] "GET /vpcA6 HTTP/1.1" 302 184 "-" "Mozilla/5.0 (Windows NT 10.0; Win64; x64) AppleWebKit/537.36 (KHTML, like Gecko) Chrome/69.0.3497.100 Safari/537.36"
::1 - - [08/Oct/2018:11:03:37 +0000] "GET /vpcA6 HTTP/1.1" 500 2482 "-" "Mozilla/5.0 (Windows NT 10.0; Win64; x64) AppleWebKit/537.36 (KHTML, like Gecko) Chrome/69.0.3497.100 Safari/537.36"
::1 - - [08/Oct/2018:11:03:37 +0000] "GET /favicon.ico HTTP/1.1" 500 2482 "http://localhost:3000/vpcA6" "Mozilla/5.0 (Windows NT 10.0; Win64; x64) AppleWebKit/537.36 (KHTML, like Gecko) Chrome/69.0.3497.100 Safari/537.36"
::1 - - [08/Oct/2018:11:04:01 +0000] "GET /vpcA6 HTTP/1.1" 302 184 "-" "Mozilla/5.0 (Windows NT 10.0; Win64; x64) AppleWebKit/537.36 (KHTML, like Gecko) Chrome/69.0.3497.100 Safari/537.36"
::1 - - [08/Oct/2018:11:14:09 +0000] "GET /vpcA6 HTTP/1.1" 302 184 "-" "Mozilla/5.0 (Windows NT 10.0; Win64; x64) AppleWebKit/537.36 (KHTML, like Gecko) Chrome/69.0.3497.100 Safari/537.36"
::1 - - [08/Oct/2018:11:19:23 +0000] "GET /vpcA6 HTTP/1.1" 302 184 "-" "Mozilla/5.0 (Windows NT 10.0; Win64; x64) AppleWebKit/537.36 (KHTML, like Gecko) Chrome/69.0.3497.100 Safari/537.36"
::1 - - [09/Oct/2018:10:03:15 +0000] "GET /my HTTP/1.1" 404 47 "-" "Mozilla/5.0 (Windows NT 10.0; Win64; x64) AppleWebKit/537.36 (KHTML, like Gecko) Chrome/69.0.3497.100 Safari/537.36"
::1 - - [09/Oct/2018:10:03:15 +0000] "GET /favicon.ico HTTP/1.1" 404 47 "http://localhost:3000/my" "Mozilla/5.0 (Windows NT 10.0; Win64; x64) AppleWebKit/537.36 (KHTML, like Gecko) Chrome/69.0.3497.100 Safari/537.36"
::1 - - [11/Oct/2018:10:34:09 +0000] "GET /urls HTTP/1.1" 200 1968 "-" "PostmanRuntime/7.3.0"
